[debug] [2017-09-05T02:39:32.136Z] ----------------------------------------------------------------------
[debug] [2017-09-05T02:39:32.139Z] Command:      C:\Program Files\nodejs\node.exe C:\Users\Andrea\AppData\Roaming\npm\node_modules\firebase-tools\bin\firebase serve
[debug] [2017-09-05T02:39:32.140Z] CLI Version:  3.9.1
[debug] [2017-09-05T02:39:32.140Z] Platform:     win32
[debug] [2017-09-05T02:39:32.140Z] Node Version: v6.11.0
[debug] [2017-09-05T02:39:32.140Z] Time:         Mon Sep 04 2017 22:39:32 GMT-0400 (Eastern Daylight Time)
[debug] [2017-09-05T02:39:32.140Z] ----------------------------------------------------------------------
[debug] 
[debug] [2017-09-05T02:39:32.170Z] > command requires scopes: ["email","openid","https://www.googleapis.com/auth/cloudplatformprojects.readonly","https://www.googleapis.com/auth/firebase","https://www.googleapis.com/auth/cloud-platform"]
[debug] [2017-09-05T02:39:32.171Z] > authorizing via signed-in user
[debug] [2017-09-05T02:39:32.173Z] > refreshing access token with scopes: ["email","https://www.googleapis.com/auth/cloud-platform","https://www.googleapis.com/auth/cloudplatformprojects.readonly","https://www.googleapis.com/auth/firebase","openid"]
[debug] [2017-09-05T02:39:32.173Z] >>> HTTP REQUEST POST https://www.googleapis.com/oauth2/v3/token { refresh_token: '1/nyRENaJ5v9VjfQTgWL8rRAM2apuTx0Vx_5gTe5Kj92Y',
  client_id: '563584335869-fgrhgmd47bqnekij5i8b5pr03ho849e6.apps.googleusercontent.com',
  client_secret: 'j9iVZfS8kkCEFUPaAeJV0sAi',
  grant_type: 'refresh_token',
  scope: 'email https://www.googleapis.com/auth/cloud-platform https://www.googleapis.com/auth/cloudplatformprojects.readonly https://www.googleapis.com/auth/firebase openid' } 
 Mon Sep 04 2017 22:39:32 GMT-0400 (Eastern Daylight Time)
[debug] [2017-09-05T02:39:32.342Z] <<< HTTP RESPONSE 200
[debug] [2017-09-05T02:39:32.360Z] >>> HTTP REQUEST GET https://admin.firebase.com/v1/projects/wedding-website-abf8a  
 Mon Sep 04 2017 22:39:32 GMT-0400 (Eastern Daylight Time)
[debug] [2017-09-05T02:39:32.867Z] <<< HTTP RESPONSE 200
[debug] [2017-09-05T02:39:32.868Z] >>> HTTP REQUEST GET https://admin.firebase.com/v1/database/wedding-website-abf8a/tokens  
 Mon Sep 04 2017 22:39:32 GMT-0400 (Eastern Daylight Time)
[debug] [2017-09-05T02:39:33.445Z] <<< HTTP RESPONSE 200
[info] 
[info] === Serving from 'C:\Users\Andrea\documents\wedding\website'...
[info] 
[debug] [2017-09-05T02:39:33.455Z] >>> HTTP REQUEST GET https://cloudresourcemanager.googleapis.com/v1/projects/wedding-website-abf8a  
 Mon Sep 04 2017 22:39:33 GMT-0400 (Eastern Daylight Time)
[debug] [2017-09-05T02:39:33.762Z] <<< HTTP RESPONSE 200
[debug] [2017-09-05T02:39:33.764Z] >>> HTTP REQUEST GET https://mobilesdk-pa.googleapis.com/v1/projects/999804568918/clients/_:getWebAppConfig  
 Mon Sep 04 2017 22:39:33 GMT-0400 (Eastern Daylight Time)
[debug] [2017-09-05T02:39:34.092Z] <<< HTTP RESPONSE 200
[info] i  hosting: Serving hosting files from: public
[info] +  hosting: Local server: http://localhost:5000

